-------------------------------------------------------------------------------
Test set: com.example.demo.DemoApplicationTests
-------------------------------------------------------------------------------
Tests run: 1, Failures: 0, Errors: 1, Skipped: 0, Time elapsed: 6.033 s <<< FAILURE! - in com.example.demo.DemoApplicationTests
contextLoads(com.example.demo.DemoApplicationTests)  Time elapsed: 0.008 s  <<< ERROR!
java.lang.IllegalStateException: Failed to load ApplicationContext
Caused by: org.springframework.beans.factory.UnsatisfiedDependencyException: Error creating bean with name 'serviceImplementation': Unsatisfied dependency expressed through field 'userRepository'; nested exception is org.springframework.beans.factory.BeanCreationException: Error creating bean with name 'UserRepository': Invocation of init method failed; nested exception is java.lang.IllegalArgumentException: Failed to create query for method public abstract com.example.demo.model.User com.example.demo.repo.UserRepository.findOne(java.lang.Long)! No property findOne found for type User!
Caused by: org.springframework.beans.factory.BeanCreationException: Error creating bean with name 'UserRepository': Invocation of init method failed; nested exception is java.lang.IllegalArgumentException: Failed to create query for method public abstract com.example.demo.model.User com.example.demo.repo.UserRepository.findOne(java.lang.Long)! No property findOne found for type User!
Caused by: java.lang.IllegalArgumentException: Failed to create query for method public abstract com.example.demo.model.User com.example.demo.repo.UserRepository.findOne(java.lang.Long)! No property findOne found for type User!
Caused by: org.springframework.data.mapping.PropertyReferenceException: No property findOne found for type User!

